<?xml version="1.0" encoding="UTF-8"?>
<testsuite name="com.gildedrose.GildedRoseTest" tests="11" skipped="0" failures="0" errors="0" timestamp="2023-10-13T21:05:21" hostname="DESKTOP-ASAJG0E" time="0.082">
  <properties/>
  <testcase name="Test sur sellin et quality de Backstage passes to a TAFKAL80ETC concert" classname="com.gildedrose.GildedRoseTest" time="0.024"/>
  <testcase name="Test sur sellin et quality de Conjured Mana Cake" classname="com.gildedrose.GildedRoseTest" time="0.001"/>
  <testcase name="Test that the name is unchanged" classname="com.gildedrose.GildedRoseTest" time="0.005"/>
  <testcase name="StringAgedBrie()" classname="com.gildedrose.GildedRoseTest" time="0.016"/>
  <testcase name="StringBackstage()" classname="com.gildedrose.GildedRoseTest" time="0.001"/>
  <testcase name="Test pour voir le changement des articles par défaut" classname="com.gildedrose.GildedRoseTest" time="0.001"/>
  <testcase name="Test sur sellIn et quality de Aged Brie" classname="com.gildedrose.GildedRoseTest" time="0.001"/>
  <testcase name="Test pour que la qualité ne dépasse pas 50" classname="com.gildedrose.GildedRoseTest" time="0.003"/>
  <testcase name="conjuredTest2()" classname="com.gildedrose.GildedRoseTest" time="0.002"/>
  <testcase name="StringConjured()" classname="com.gildedrose.GildedRoseTest" time="0.002"/>
  <testcase name="Test sur la date et la qualité de Sulfuras, Hand of Ragnaros" classname="com.gildedrose.GildedRoseTest" time="0.0"/>
  <system-out><![CDATA[]]></system-out>
  <system-err><![CDATA[]]></system-err>
</testsuite>
