<?xml version="1.0" encoding="UTF-8"?>
<testsuite name="com.gildedrose.GildedRoseTest" tests="3" skipped="0" failures="0" errors="0" timestamp="2023-09-29T21:47:17" hostname="DESKTOP-ASAJG0E" time="0.152">
  <properties/>
  <testcase name="Test that the name is unchanged" classname="com.gildedrose.GildedRoseTest" time="0.133"/>
  <testcase name="Test pour voir le changement des articles par défaut" classname="com.gildedrose.GildedRoseTest" time="0.003"/>
  <testcase name="Test pour que la qualité ne dépasse pas 50" classname="com.gildedrose.GildedRoseTest" time="0.006"/>
  <system-out><![CDATA[]]></system-out>
  <system-err><![CDATA[]]></system-err>
</testsuite>
